2021-11-17 21:16:07 +0000  Initial pipeline context: <IDEDistributionProcessingPipelineContext: 0x7fd1b7d33830; archive(resolved)='<IDEArchive: 0x7fd1b20c9530>', distributionTask(resolved)='2', distributionDestination(resolved)='1', distributionMethod(resolved)='<IDEDistributionMethodDevelopmentSigned: 0x7fd1bac562e0>', team(resolved)='<IDEProvisioningDisambiguatableBasicTeam: 0x7fd1b7b711f0; teamID='V3HUL9EB4V', teamName='REMARKABLE HEALTH, LLC', teamType='Company', username='tehsolace@gmail.com', isFreeProvisioningTeam='0'>'>
	Chain (14, self inclusive):
	<IDEDistributionProcessingPipelineContext: 0x7fd1b7d33830; archive = '<IDEArchive: 0x7fd1b20c9530>', distributionMethod='<IDEDistributionMethodDevelopmentSigned: 0x7fd1bac562e0>', team='<IDEProvisioningDisambiguatableBasicTeam: 0x7fd1b7b711f0; teamID='V3HUL9EB4V', teamName='REMARKABLE HEALTH, LLC', teamType='Company', username='tehsolace@gmail.com', isFreeProvisioningTeam='0'>'>
	<IDEDistributionProcessingPipelineContext: 0x7fd1b7df4bc0; archive = '<IDEArchive: 0x7fd1b20c9530>', distributionMethod='<IDEDistributionMethodDevelopmentSigned: 0x7fd1bac562e0>', team='<IDEProvisioningDisambiguatableBasicTeam: 0x7fd1b7b711f0; teamID='V3HUL9EB4V', teamName='REMARKABLE HEALTH, LLC', teamType='Company', username='tehsolace@gmail.com', isFreeProvisioningTeam='0'>'>
	<IDEDistributionContext: 0x7fd1b62c30f0; archive = '<IDEArchive: 0x7fd1b20c9530>', distributionMethod='<IDEDistributionMethodDevelopmentSigned: 0x7fd1bac562e0>', team='<IDEProvisioningDisambiguatableBasicTeam: 0x7fd1b7b711f0; teamID='V3HUL9EB4V', teamName='REMARKABLE HEALTH, LLC', teamType='Company', username='tehsolace@gmail.com', isFreeProvisioningTeam='0'>'>
	<IDEDistributionContext: 0x7fd1b3bf87b0; archive = '<IDEArchive: 0x7fd1b20c9530>', distributionMethod='<IDEDistributionMethodDevelopmentSigned: 0x7fd1bac562e0>', team='<IDEProvisioningDisambiguatableBasicTeam: 0x7fd1b7b711f0; teamID='V3HUL9EB4V', teamName='REMARKABLE HEALTH, LLC', teamType='Company', username='tehsolace@gmail.com', isFreeProvisioningTeam='0'>'>
	<IDEDistributionContext: 0x7fd1b62ed120; archive = '<IDEArchive: 0x7fd1b20c9530>', distributionMethod='<IDEDistributionMethodDevelopmentSigned: 0x7fd1bac562e0>', team='<IDEProvisioningDisambiguatableBasicTeam: 0x7fd1b7b711f0; teamID='V3HUL9EB4V', teamName='REMARKABLE HEALTH, LLC', teamType='Company', username='tehsolace@gmail.com', isFreeProvisioningTeam='0'>'>
	<IDEDistributionContext: 0x7fd1b62c7340; archive = '<IDEArchive: 0x7fd1b20c9530>', distributionMethod='<IDEDistributionMethodDevelopmentSigned: 0x7fd1bac562e0>', team='<IDEProvisioningDisambiguatableBasicTeam: 0x7fd1b7b711f0; teamID='V3HUL9EB4V', teamName='REMARKABLE HEALTH, LLC', teamType='Company', username='tehsolace@gmail.com', isFreeProvisioningTeam='0'>'>
	<IDEDistributionContext: 0x7fd1ba379300; archive = '<IDEArchive: 0x7fd1b20c9530>', distributionMethod='<IDEDistributionMethodDevelopmentSigned: 0x7fd1bac562e0>', team='<IDEProvisioningDisambiguatableBasicTeam: 0x7fd1b7b711f0; teamID='V3HUL9EB4V', teamName='REMARKABLE HEALTH, LLC', teamType='Company', username='tehsolace@gmail.com', isFreeProvisioningTeam='0'>'>
	<IDEDistributionContext: 0x7fd1ba355e00; archive = '<IDEArchive: 0x7fd1b20c9530>', distributionMethod='<IDEDistributionMethodDevelopmentSigned: 0x7fd1bac562e0>', team='<IDEProvisioningDisambiguatableBasicTeam: 0x7fd1b7b711f0; teamID='V3HUL9EB4V', teamName='REMARKABLE HEALTH, LLC', teamType='Company', username='tehsolace@gmail.com', isFreeProvisioningTeam='0'>'>
	<IDEDistributionContext: 0x7fd1b96f76a0; archive = '<IDEArchive: 0x7fd1b20c9530>', distributionMethod='<IDEDistributionMethodDevelopmentSigned: 0x7fd1bac562e0>', team='<IDEProvisioningDisambiguatableBasicTeam: 0x7fd1b7b711f0; teamID='V3HUL9EB4V', teamName='REMARKABLE HEALTH, LLC', teamType='Company', username='tehsolace@gmail.com', isFreeProvisioningTeam='0'>'>
	<IDEDistributionContext: 0x7fd1b96d94b0; archive = '<IDEArchive: 0x7fd1b20c9530>', distributionMethod='<IDEDistributionMethodDevelopmentSigned: 0x7fd1bac562e0>', team='(null)'>
	<IDEDistributionContext: 0x7fd1ba072e60; archive = '<IDEArchive: 0x7fd1b20c9530>', distributionMethod='<IDEDistributionMethodDevelopmentSigned: 0x7fd1bac562e0>', team='(null)'>
	<IDEDistributionContext: 0x7fd1cbe5d1a0; archive = '<IDEArchive: 0x7fd1b20c9530>', distributionMethod='<IDEDistributionMethodDevelopmentSigned: 0x7fd1bac562e0>', team='(null)'>
	<IDEDistributionContext: 0x7fd1b7fabff0; archive = '<IDEArchive: 0x7fd1b20c9530>', distributionMethod='<IDEDistributionMethodDevelopmentSigned: 0x7fd1bac562e0>', team='(null)'>
	<IDEDistributionContext: 0x7fd1b35d85a0; archive = '<IDEArchive: 0x7fd1b20c9530>', distributionMethod='(null)', team='(null)'>
</IDEDistributionProcessingPipelineContext: 0x7fd1b7d33830>
2021-11-17 21:16:07 +0000  Processing step: IDEDistributionCreateDestRootStep
2021-11-17 21:16:07 +0000  Processing step: IDEDistributionCopyItemStep
2021-11-17 21:16:07 +0000  Running /usr/bin/ditto '-V' '/Users/justin/Library/Developer/Xcode/Archives/2021-11-17/bells 11-17-21, 3.13 PM.xcarchive/Products/Applications/bells.app' '/var/folders/bn/s3p1r3cn555bmb70cwpq9b1m0000gn/T/XcodeDistPipeline.~~~VYBcus/Root/Payload/bells.app'
2021-11-17 21:16:07 +0000  >>> Copying /Users/justin/Library/Developer/Xcode/Archives/2021-11-17/bells 11-17-21, 3.13 PM.xcarchive/Products/Applications/bells.app 
2021-11-17 21:16:07 +0000  copying file ./_CodeSignature/CodeResources ... 
2021-11-17 21:16:07 +0000  48723 bytes for ./_CodeSignature/CodeResources
2021-11-17 21:16:07 +0000  copying file ./Fontisto.ttf ... 
2021-11-17 21:16:07 +0000  313528 bytes for ./Fontisto.ttf
2021-11-17 21:16:07 +0000  copying file ./Lato-Italic.ttf ... 
2021-11-17 21:16:07 +0000  75744 bytes for ./Lato-Italic.ttf
2021-11-17 21:16:07 +0000  copying file ./web.bundle/formats/taskFormats.js ... 
2021-11-17 21:16:07 +0000  348 bytes for ./web.bundle/formats/taskFormats.js
2021-11-17 21:16:07 +0000  copying file ./web.bundle/Lato-Regular.ttf ... 
2021-11-17 21:16:07 +0000  75136 bytes for ./web.bundle/Lato-Regular.ttf
copying file ./web.bundle/editor.html ... 
2021-11-17 21:16:07 +0000  5632 bytes for ./web.bundle/editor.html
copying file ./web.bundle/check.svg ... 
2021-11-17 21:16:07 +0000  396 bytes for ./web.bundle/check.svg
2021-11-17 21:16:07 +0000  copying file ./web.bundle/quill-v1.3.6-styles.css ... 
2021-11-17 21:16:07 +0000  24716 bytes for ./web.bundle/quill-v1.3.6-styles.css
2021-11-17 21:16:07 +0000  copying file ./web.bundle/blots/undoBlot.js ... 
2021-11-17 21:16:07 +0000  1214 bytes for ./web.bundle/blots/undoBlot.js
2021-11-17 21:16:07 +0000  copying file ./web.bundle/modules/autoReplace.js ... 
2021-11-17 21:16:07 +0000  3779 bytes for ./web.bundle/modules/autoReplace.js
copying file ./web.bundle/modules/undoModule.js ... 
2021-11-17 21:16:07 +0000  2087 bytes for ./web.bundle/modules/undoModule.js
2021-11-17 21:16:07 +0000  copying file ./web.bundle/quill-v1.3.6-min.js ... 
2021-11-17 21:16:07 +0000  215383 bytes for ./web.bundle/quill-v1.3.6-min.js
copying file ./web.bundle/quill-v1.3.6-styles.overrides.css ... 
2021-11-17 21:16:07 +0000  201 bytes for ./web.bundle/quill-v1.3.6-styles.overrides.css
2021-11-17 21:16:07 +0000  copying file ./Octicons.ttf ... 
2021-11-17 21:16:07 +0000  28364 bytes for ./Octicons.ttf
2021-11-17 21:16:07 +0000  copying file ./MPArrowLeft.png ... 
2021-11-17 21:16:07 +0000  1222 bytes for ./MPArrowLeft.png
copying file ./Feather.ttf ... 
2021-11-17 21:16:07 +0000  56024 bytes for ./Feather.ttf
2021-11-17 21:16:07 +0000  copying file ./MPCheckmark@2x.png ... 
2021-11-17 21:16:07 +0000  1286 bytes for ./MPCheckmark@2x.png
copying file ./Lato-LightItalic.ttf ... 
2021-11-17 21:16:07 +0000  49064 bytes for ./Lato-LightItalic.ttf
copying file ./bells ... 
2021-11-17 21:16:07 +0000  12439840 bytes for ./bells
copying file ./Entypo.ttf ... 
2021-11-17 21:16:07 +0000  65584 bytes for ./Entypo.ttf
copying file ./Lato-Bold.ttf ... 
2021-11-17 21:16:07 +0000  73316 bytes for ./Lato-Bold.ttf
2021-11-17 21:16:07 +0000  copying file ./QBImagePicker.bundle/de.lproj/QBImagePicker.strings ... 
2021-11-17 21:16:07 +0000  686 bytes for ./QBImagePicker.bundle/de.lproj/QBImagePicker.strings
2021-11-17 21:16:07 +0000  copying file ./QBImagePicker.bundle/zh-Hans.lproj/QBImagePicker.strings ... 
2021-11-17 21:16:07 +0000  738 bytes for ./QBImagePicker.bundle/zh-Hans.lproj/QBImagePicker.strings
2021-11-17 21:16:07 +0000  copying file ./QBImagePicker.bundle/ja.lproj/QBImagePicker.strings ... 
2021-11-17 21:16:07 +0000  764 bytes for ./QBImagePicker.bundle/ja.lproj/QBImagePicker.strings
2021-11-17 21:16:07 +0000  copying file ./QBImagePicker.bundle/en.lproj/QBImagePicker.strings ... 
2021-11-17 21:16:07 +0000  681 bytes for ./QBImagePicker.bundle/en.lproj/QBImagePicker.strings
2021-11-17 21:16:07 +0000  copying file ./QBImagePicker.bundle/QBImagePicker.storyboardc/QiH-NZ-ZGN-view-sD2-zK-ryo.nib ... 
2021-11-17 21:16:07 +0000  10878 bytes for ./QBImagePicker.bundle/QBImagePicker.storyboardc/QiH-NZ-ZGN-view-sD2-zK-ryo.nib
copying file ./QBImagePicker.bundle/QBImagePicker.storyboardc/QBAlbumsViewController.nib ... 
2021-11-17 21:16:07 +0000  1775 bytes for ./QBImagePicker.bundle/QBImagePicker.storyboardc/QBAlbumsViewController.nib
copying file ./QBImagePicker.bundle/QBImagePicker.storyboardc/QBAssetsViewController.nib ... 
2021-11-17 21:16:07 +0000  1368 bytes for ./QBImagePicker.bundle/QBImagePicker.storyboardc/QBAssetsViewController.nib
2021-11-17 21:16:07 +0000  copying file ./QBImagePicker.bundle/QBImagePicker.storyboardc/QL5-wR-LYt-view-66K-TS-Yoc.nib ... 
2021-11-17 21:16:07 +0000  6932 bytes for ./QBImagePicker.bundle/QBImagePicker.storyboardc/QL5-wR-LYt-view-66K-TS-Yoc.nib
2021-11-17 21:16:07 +0000  copying file ./QBImagePicker.bundle/QBImagePicker.storyboardc/QBAlbumsNavigationController.nib ... 
2021-11-17 21:16:07 +0000  2582 bytes for ./QBImagePicker.bundle/QBImagePicker.storyboardc/QBAlbumsNavigationController.nib
copying file ./QBImagePicker.bundle/QBImagePicker.storyboardc/Info.plist ... 
2021-11-17 21:16:07 +0000  289 bytes for ./QBImagePicker.bundle/QBImagePicker.storyboardc/Info.plist
2021-11-17 21:16:07 +0000  copying file ./QBImagePicker.bundle/es.lproj/QBImagePicker.strings ... 
2021-11-17 21:16:07 +0000  685 bytes for ./QBImagePicker.bundle/es.lproj/QBImagePicker.strings
2021-11-17 21:16:07 +0000  copying file ./QBImagePicker.bundle/it.lproj/QBImagePicker.strings ... 
2021-11-17 21:16:07 +0000  679 bytes for ./QBImagePicker.bundle/it.lproj/QBImagePicker.strings
2021-11-17 21:16:07 +0000  copying file ./QBImagePicker.bundle/ko.lproj/QBImagePicker.strings ... 
2021-11-17 21:16:07 +0000  716 bytes for ./QBImagePicker.bundle/ko.lproj/QBImagePicker.strings
2021-11-17 21:16:07 +0000  copying file ./QBImagePicker.bundle/zh-Hant.lproj/QBImagePicker.strings ... 
2021-11-17 21:16:07 +0000  737 bytes for ./QBImagePicker.bundle/zh-Hant.lproj/QBImagePicker.strings
2021-11-17 21:16:07 +0000  copying file ./QBImagePicker.bundle/pl.lproj/QBImagePicker.strings ... 
2021-11-17 21:16:07 +0000  702 bytes for ./QBImagePicker.bundle/pl.lproj/QBImagePicker.strings
2021-11-17 21:16:07 +0000  copying file ./QBImagePicker.bundle/ru.lproj/QBImagePicker.strings ... 
2021-11-17 21:16:07 +0000  772 bytes for ./QBImagePicker.bundle/ru.lproj/QBImagePicker.strings
2021-11-17 21:16:07 +0000  copying file ./QBImagePicker.bundle/fr.lproj/QBImagePicker.strings ... 
2021-11-17 21:16:07 +0000  702 bytes for ./QBImagePicker.bundle/fr.lproj/QBImagePicker.strings
2021-11-17 21:16:07 +0000  copying file ./QBImagePicker.bundle/pt.lproj/QBImagePicker.strings ... 
2021-11-17 21:16:07 +0000  686 bytes for ./QBImagePicker.bundle/pt.lproj/QBImagePicker.strings
2021-11-17 21:16:07 +0000  copying file ./QBImagePicker.bundle/Info.plist ... 
2021-11-17 21:16:07 +0000  771 bytes for ./QBImagePicker.bundle/Info.plist
2021-11-17 21:16:07 +0000  copying file ./FontAwesome5_Brands.ttf ... 
2021-11-17 21:16:07 +0000  132728 bytes for ./FontAwesome5_Brands.ttf
copying file ./MaterialCommunityIcons.ttf ... 
2021-11-17 21:16:07 +0000  899432 bytes for ./MaterialCommunityIcons.ttf
2021-11-17 21:16:07 +0000  copying file ./MPTakeoverNotificationViewController~iphonelandscape.nib ... 
2021-11-17 21:16:07 +0000  9437 bytes for ./MPTakeoverNotificationViewController~iphonelandscape.nib
copying file ./AppIcon60x60@2x.png ... 
2021-11-17 21:16:07 +0000  5777 bytes for ./AppIcon60x60@2x.png
copying file ./MPLogo.png ... 
2021-11-17 21:16:07 +0000  1991 bytes for ./MPLogo.png
copying file ./AntDesign.ttf ... 
2021-11-17 21:16:07 +0000  70344 bytes for ./AntDesign.ttf
copying file ./Lato-Regular.ttf ... 
2021-11-17 21:16:07 +0000  75136 bytes for ./Lato-Regular.ttf
copying file ./Foundation.ttf ... 
2021-11-17 21:16:07 +0000  56976 bytes for ./Foundation.ttf
copying file ./MPArrowRight.png ... 
2021-11-17 21:16:07 +0000  1210 bytes for ./MPArrowRight.png
copying file ./Ionicons.ttf ... 
2021-11-17 21:16:07 +0000  247192 bytes for ./Ionicons.ttf
copying file ./FontAwesome5_Solid.ttf ... 
2021-11-17 21:16:07 +0000  202616 bytes for ./FontAwesome5_Solid.ttf
2021-11-17 21:16:07 +0000  copying file ./FontAwesome5_Regular.ttf ... 
34092 bytes for ./FontAwesome5_Regular.ttf
copying file ./MPArrowRight@2x.png ... 
1342 bytes for ./MPArrowRight@2x.png
copying file ./placeholder-image.png ... 
8806 bytes for ./placeholder-image.png
copying file ./MPDismissKeyboard@2x.png ... 
1169 bytes for ./MPDismissKeyboard@2x.png
copying file ./AccessibilityResources.bundle/en.lproj/Localizable.strings ... 
530 bytes for ./AccessibilityResources.bundle/en.lproj/Localizable.strings
copying file ./AccessibilityResources.bundle/Info.plist ... 
791 bytes for ./AccessibilityResources.bundle/Info.plist
copying file ./MPArrowLeft@2x.png ... 
2021-11-17 21:16:07 +0000  1353 bytes for ./MPArrowLeft@2x.png
copying file ./FontAwesome.ttf ... 
2021-11-17 21:16:07 +0000  165548 bytes for ./FontAwesome.ttf
2021-11-17 21:16:07 +0000  copying file ./Zocial.ttf ... 
2021-11-17 21:16:07 +0000  25552 bytes for ./Zocial.ttf
copying file ./Assets.car ... 
2021-11-17 21:16:07 +0000  118600 bytes for ./Assets.car
copying file ./EvilIcons.ttf ... 
2021-11-17 21:16:07 +0000  13456 bytes for ./EvilIcons.ttf
copying file ./AppIcon76x76@2x~ipad.png ... 
2021-11-17 21:16:07 +0000  6817 bytes for ./AppIcon76x76@2x~ipad.png
copying file ./MPTakeoverNotificationViewController~ipad.nib ... 
2021-11-17 21:16:07 +0000  11230 bytes for ./MPTakeoverNotificationViewController~ipad.nib
copying file ./main.jsbundle ... 
2021-11-17 21:16:07 +0000  10748961 bytes for ./main.jsbundle
copying file ./MPCloseButton.png ... 
2021-11-17 21:16:07 +0000  381 bytes for ./MPCloseButton.png
2021-11-17 21:16:07 +0000  copying file ./LaunchScreen.storyboardc/01J-lp-oVM-view-Ze5-6b-2t3.nib ... 
2021-11-17 21:16:07 +0000  1014 bytes for ./LaunchScreen.storyboardc/01J-lp-oVM-view-Ze5-6b-2t3.nib
2021-11-17 21:16:07 +0000  copying file ./LaunchScreen.storyboardc/UIViewController-01J-lp-oVM.nib ... 
2021-11-17 21:16:07 +0000  896 bytes for ./LaunchScreen.storyboardc/UIViewController-01J-lp-oVM.nib
copying file ./LaunchScreen.storyboardc/Info.plist ... 
2021-11-17 21:16:07 +0000  258 bytes for ./LaunchScreen.storyboardc/Info.plist
2021-11-17 21:16:07 +0000  copying file ./MPDismissKeyboard.png ... 
2021-11-17 21:16:07 +0000  1228 bytes for ./MPDismissKeyboard.png
copying file ./Lato-BoldItalic.ttf ... 
2021-11-17 21:16:07 +0000  77680 bytes for ./Lato-BoldItalic.ttf
2021-11-17 21:16:07 +0000  copying file ./ip.txt ... 
2021-11-17 21:16:07 +0000  10 bytes for ./ip.txt
copying file ./Lato-Light.ttf ... 
2021-11-17 21:16:07 +0000  77192 bytes for ./Lato-Light.ttf
2021-11-17 21:16:07 +0000  copying file ./TOCropViewControllerBundle.bundle/de.lproj/TOCropViewControllerLocalizable.strings ... 
2021-11-17 21:16:07 +0000  189 bytes for ./TOCropViewControllerBundle.bundle/de.lproj/TOCropViewControllerLocalizable.strings
2021-11-17 21:16:07 +0000  copying file ./TOCropViewControllerBundle.bundle/ar.lproj/TOCropViewControllerLocalizable.strings ... 
2021-11-17 21:16:07 +0000  207 bytes for ./TOCropViewControllerBundle.bundle/ar.lproj/TOCropViewControllerLocalizable.strings
2021-11-17 21:16:07 +0000  copying file ./TOCropViewControllerBundle.bundle/zh-Hans.lproj/TOCropViewControllerLocalizable.strings ... 
2021-11-17 21:16:07 +0000  172 bytes for ./TOCropViewControllerBundle.bundle/zh-Hans.lproj/TOCropViewControllerLocalizable.strings
2021-11-17 21:16:07 +0000  copying file ./TOCropViewControllerBundle.bundle/ja.lproj/TOCropViewControllerLocalizable.strings ... 
2021-11-17 21:16:07 +0000  201 bytes for ./TOCropViewControllerBundle.bundle/ja.lproj/TOCropViewControllerLocalizable.strings
2021-11-17 21:16:07 +0000  copying file ./TOCropViewControllerBundle.bundle/fa.lproj/TOCropViewControllerLocalizable.strings ... 
2021-11-17 21:16:07 +0000  210 bytes for ./TOCropViewControllerBundle.bundle/fa.lproj/TOCropViewControllerLocalizable.strings
2021-11-17 21:16:07 +0000  copying file ./TOCropViewControllerBundle.bundle/en.lproj/TOCropViewControllerLocalizable.strings ... 
2021-11-17 21:16:07 +0000  168 bytes for ./TOCropViewControllerBundle.bundle/en.lproj/TOCropViewControllerLocalizable.strings
2021-11-17 21:16:07 +0000  copying file ./TOCropViewControllerBundle.bundle/es.lproj/TOCropViewControllerLocalizable.strings ... 
2021-11-17 21:16:07 +0000  179 bytes for ./TOCropViewControllerBundle.bundle/es.lproj/TOCropViewControllerLocalizable.strings
2021-11-17 21:16:07 +0000  copying file ./TOCropViewControllerBundle.bundle/it.lproj/TOCropViewControllerLocalizable.strings ... 
2021-11-17 21:16:07 +0000  181 bytes for ./TOCropViewControllerBundle.bundle/it.lproj/TOCropViewControllerLocalizable.strings
2021-11-17 21:16:07 +0000  copying file ./TOCropViewControllerBundle.bundle/sk.lproj/TOCropViewControllerLocalizable.strings ... 
2021-11-17 21:16:07 +0000  176 bytes for ./TOCropViewControllerBundle.bundle/sk.lproj/TOCropViewControllerLocalizable.strings
2021-11-17 21:16:07 +0000  copying file ./TOCropViewControllerBundle.bundle/ms.lproj/TOCropViewControllerLocalizable.strings ... 
2021-11-17 21:16:07 +0000  173 bytes for ./TOCropViewControllerBundle.bundle/ms.lproj/TOCropViewControllerLocalizable.strings
2021-11-17 21:16:07 +0000  copying file ./TOCropViewControllerBundle.bundle/cs.lproj/TOCropViewControllerLocalizable.strings ... 
2021-11-17 21:16:07 +0000  173 bytes for ./TOCropViewControllerBundle.bundle/cs.lproj/TOCropViewControllerLocalizable.strings
2021-11-17 21:16:07 +0000  copying file ./TOCropViewControllerBundle.bundle/ko.lproj/TOCropViewControllerLocalizable.strings ... 
2021-11-17 21:16:07 +0000  187 bytes for ./TOCropViewControllerBundle.bundle/ko.lproj/TOCropViewControllerLocalizable.strings
2021-11-17 21:16:07 +0000  copying file ./TOCropViewControllerBundle.bundle/Base.lproj/TOCropViewControllerLocalizable.strings ... 
2021-11-17 21:16:07 +0000  168 bytes for ./TOCropViewControllerBundle.bundle/Base.lproj/TOCropViewControllerLocalizable.strings
2021-11-17 21:16:07 +0000  copying file ./TOCropViewControllerBundle.bundle/zh-Hant.lproj/TOCropViewControllerLocalizable.strings ... 
2021-11-17 21:16:07 +0000  175 bytes for ./TOCropViewControllerBundle.bundle/zh-Hant.lproj/TOCropViewControllerLocalizable.strings
2021-11-17 21:16:07 +0000  copying file ./TOCropViewControllerBundle.bundle/fa-IR.lproj/TOCropViewControllerLocalizable.strings ... 
2021-11-17 21:16:07 +0000  210 bytes for ./TOCropViewControllerBundle.bundle/fa-IR.lproj/TOCropViewControllerLocalizable.strings
2021-11-17 21:16:07 +0000  copying file ./TOCropViewControllerBundle.bundle/hu.lproj/TOCropViewControllerLocalizable.strings ... 
2021-11-17 21:16:07 +0000  194 bytes for ./TOCropViewControllerBundle.bundle/hu.lproj/TOCropViewControllerLocalizable.strings
2021-11-17 21:16:07 +0000  copying file ./TOCropViewControllerBundle.bundle/da-DK.lproj/TOCropViewControllerLocalizable.strings ... 
2021-11-17 21:16:07 +0000  174 bytes for ./TOCropViewControllerBundle.bundle/da-DK.lproj/TOCropViewControllerLocalizable.strings
2021-11-17 21:16:07 +0000  copying file ./TOCropViewControllerBundle.bundle/tr.lproj/TOCropViewControllerLocalizable.strings ... 
2021-11-17 21:16:07 +0000  183 bytes for ./TOCropViewControllerBundle.bundle/tr.lproj/TOCropViewControllerLocalizable.strings
2021-11-17 21:16:07 +0000  copying file ./TOCropViewControllerBundle.bundle/pl.lproj/TOCropViewControllerLocalizable.strings ... 
2021-11-17 21:16:07 +0000  171 bytes for ./TOCropViewControllerBundle.bundle/pl.lproj/TOCropViewControllerLocalizable.strings
2021-11-17 21:16:07 +0000  copying file ./TOCropViewControllerBundle.bundle/pt-BR.lproj/TOCropViewControllerLocalizable.strings ... 
2021-11-17 21:16:07 +0000  181 bytes for ./TOCropViewControllerBundle.bundle/pt-BR.lproj/TOCropViewControllerLocalizable.strings
2021-11-17 21:16:07 +0000  copying file ./TOCropViewControllerBundle.bundle/vi.lproj/TOCropViewControllerLocalizable.strings ... 
2021-11-17 21:16:07 +0000  178 bytes for ./TOCropViewControllerBundle.bundle/vi.lproj/TOCropViewControllerLocalizable.strings
2021-11-17 21:16:07 +0000  copying file ./TOCropViewControllerBundle.bundle/ru.lproj/TOCropViewControllerLocalizable.strings ... 
2021-11-17 21:16:07 +0000  237 bytes for ./TOCropViewControllerBundle.bundle/ru.lproj/TOCropViewControllerLocalizable.strings
2021-11-17 21:16:07 +0000  copying file ./TOCropViewControllerBundle.bundle/fr.lproj/TOCropViewControllerLocalizable.strings ... 
2021-11-17 21:16:07 +0000  193 bytes for ./TOCropViewControllerBundle.bundle/fr.lproj/TOCropViewControllerLocalizable.strings
2021-11-17 21:16:07 +0000  copying file ./TOCropViewControllerBundle.bundle/fi.lproj/TOCropViewControllerLocalizable.strings ... 
2021-11-17 21:16:07 +0000  179 bytes for ./TOCropViewControllerBundle.bundle/fi.lproj/TOCropViewControllerLocalizable.strings
2021-11-17 21:16:07 +0000  copying file ./TOCropViewControllerBundle.bundle/id.lproj/TOCropViewControllerLocalizable.strings ... 
2021-11-17 21:16:07 +0000  178 bytes for ./TOCropViewControllerBundle.bundle/id.lproj/TOCropViewControllerLocalizable.strings
2021-11-17 21:16:07 +0000  copying file ./TOCropViewControllerBundle.bundle/nl.lproj/TOCropViewControllerLocalizable.strings ... 
2021-11-17 21:16:07 +0000  178 bytes for ./TOCropViewControllerBundle.bundle/nl.lproj/TOCropViewControllerLocalizable.strings
2021-11-17 21:16:07 +0000  copying file ./TOCropViewControllerBundle.bundle/pt.lproj/TOCropViewControllerLocalizable.strings ... 
2021-11-17 21:16:07 +0000  181 bytes for ./TOCropViewControllerBundle.bundle/pt.lproj/TOCropViewControllerLocalizable.strings
2021-11-17 21:16:07 +0000  copying file ./TOCropViewControllerBundle.bundle/ro.lproj/TOCropViewControllerLocalizable.strings ... 
2021-11-17 21:16:07 +0000  181 bytes for ./TOCropViewControllerBundle.bundle/ro.lproj/TOCropViewControllerLocalizable.strings
2021-11-17 21:16:07 +0000  copying file ./TOCropViewControllerBundle.bundle/Info.plist ... 
2021-11-17 21:16:07 +0000  798 bytes for ./TOCropViewControllerBundle.bundle/Info.plist
2021-11-17 21:16:07 +0000  copying file ./TOCropViewControllerBundle.bundle/ca.lproj/TOCropViewControllerLocalizable.strings ... 
2021-11-17 21:16:07 +0000  177 bytes for ./TOCropViewControllerBundle.bundle/ca.lproj/TOCropViewControllerLocalizable.strings
2021-11-17 21:16:07 +0000  copying file ./MPCloseButton@3x.png ... 
2021-11-17 21:16:07 +0000  2289 bytes for ./MPCloseButton@3x.png
2021-11-17 21:16:07 +0000  copying file ./MPTakeoverNotificationViewController~iphoneportrait.nib ... 
2021-11-17 21:16:07 +0000  9090 bytes for ./MPTakeoverNotificationViewController~iphoneportrait.nib
copying file ./SimpleLineIcons.ttf ... 
2021-11-17 21:16:07 +0000  54056 bytes for ./SimpleLineIcons.ttf
copying file ./embedded.mobileprovision ... 
2021-11-17 21:16:07 +0000  15589 bytes for ./embedded.mobileprovision
copying file ./rh-mobile-icon-font.ttf ... 
2021-11-17 21:16:07 +0000  14904 bytes for ./rh-mobile-icon-font.ttf
2021-11-17 21:16:07 +0000  copying file ./assets/app.json ... 
2021-11-17 21:16:07 +0000  47 bytes for ./assets/app.json
2021-11-17 21:16:07 +0000  copying file ./assets/node_modules/moment-timezone/data/packed/latest.json ... 
2021-11-17 21:16:07 +0000  191018 bytes for ./assets/node_modules/moment-timezone/data/packed/latest.json
2021-11-17 21:16:07 +0000  copying file ./assets/node_modules/html-void-elements/index.json ... 
2021-11-17 21:16:07 +0000  255 bytes for ./assets/node_modules/html-void-elements/index.json
2021-11-17 21:16:07 +0000  copying file ./assets/node_modules/stringify-entities/lib/constant/dangerous.json ... 
2021-11-17 21:16:07 +0000  81 bytes for ./assets/node_modules/stringify-entities/lib/constant/dangerous.json
2021-11-17 21:16:07 +0000  copying file ./assets/node_modules/react-native/Libraries/LogBox/UI/LogBoxImages/loader.png ... 
2021-11-17 21:16:07 +0000  550 bytes for ./assets/node_modules/react-native/Libraries/LogBox/UI/LogBoxImages/loader.png
copying file ./assets/node_modules/react-native/Libraries/LogBox/UI/LogBoxImages/chevron-right.png ... 
2021-11-17 21:16:07 +0000  189 bytes for ./assets/node_modules/react-native/Libraries/LogBox/UI/LogBoxImages/chevron-right.png
copying file ./assets/node_modules/react-native/Libraries/LogBox/UI/LogBoxImages/chevron-left.png ... 
2021-11-17 21:16:07 +0000  201 bytes for ./assets/node_modules/react-native/Libraries/LogBox/UI/LogBoxImages/chevron-left.png
2021-11-17 21:16:07 +0000  copying file ./assets/node_modules/react-native/Libraries/LogBox/UI/LogBoxImages/alert-triangle.png ... 
2021-11-17 21:16:07 +0000  885 bytes for ./assets/node_modules/react-native/Libraries/LogBox/UI/LogBoxImages/alert-triangle.png
copying file ./assets/node_modules/react-native/Libraries/LogBox/UI/LogBoxImages/close.png ... 
2021-11-17 21:16:07 +0000  312 bytes for ./assets/node_modules/react-native/Libraries/LogBox/UI/LogBoxImages/close.png
2021-11-17 21:16:07 +0000  copying file ./assets/node_modules/css-color-keywords/colors.json ... 
2021-11-17 21:16:07 +0000  3796 bytes for ./assets/node_modules/css-color-keywords/colors.json
2021-11-17 21:16:07 +0000  copying file ./assets/node_modules/@react-navigation/stack/src/views/assets/back-icon@3x.png ... 
2021-11-17 21:16:07 +0000  761 bytes for ./assets/node_modules/@react-navigation/stack/src/views/assets/back-icon@3x.png
copying file ./assets/node_modules/@react-navigation/stack/src/views/assets/back-icon@2x.png ... 
2021-11-17 21:16:07 +0000  405 bytes for ./assets/node_modules/@react-navigation/stack/src/views/assets/back-icon@2x.png
2021-11-17 21:16:07 +0000  copying file ./assets/node_modules/@react-navigation/stack/src/views/assets/back-icon.png ... 
2021-11-17 21:16:07 +0000  290 bytes for ./assets/node_modules/@react-navigation/stack/src/views/assets/back-icon.png
copying file ./assets/node_modules/@react-navigation/stack/src/views/assets/back-icon-mask.png ... 
2021-11-17 21:16:07 +0000  913 bytes for ./assets/node_modules/@react-navigation/stack/src/views/assets/back-icon-mask.png
2021-11-17 21:16:07 +0000  copying file ./assets/node_modules/hast-util-to-html/node_modules/stringify-entities/dangerous.json ... 
2021-11-17 21:16:07 +0000  81 bytes for ./assets/node_modules/hast-util-to-html/node_modules/stringify-entities/dangerous.json
2021-11-17 21:16:07 +0000  copying file ./assets/node_modules/hastscript/svg-case-sensitive-tag-names.json ... 
2021-11-17 21:16:07 +0000  671 bytes for ./assets/node_modules/hastscript/svg-case-sensitive-tag-names.json
2021-11-17 21:16:07 +0000  copying file ./assets/node_modules/web-namespaces/index.json ... 
2021-11-17 21:16:07 +0000  270 bytes for ./assets/node_modules/web-namespaces/index.json
2021-11-17 21:16:07 +0000  copying file ./assets/node_modules/react-native-vector-icons/glyphmaps/MaterialIcons.json ... 
2021-11-17 21:16:07 +0000  38522 bytes for ./assets/node_modules/react-native-vector-icons/glyphmaps/MaterialIcons.json
2021-11-17 21:16:07 +0000  copying file ./assets/node_modules/react-native-calendars/src/calendar/img/previous@2x.png ... 
2021-11-17 21:16:07 +0000  458 bytes for ./assets/node_modules/react-native-calendars/src/calendar/img/previous@2x.png
copying file ./assets/node_modules/react-native-calendars/src/calendar/img/next@2x.png ... 
2021-11-17 21:16:07 +0000  462 bytes for ./assets/node_modules/react-native-calendars/src/calendar/img/next@2x.png
2021-11-17 21:16:07 +0000  copying file ./assets/node_modules/react-native-calendars/src/img/down@3x.png ... 
2021-11-17 21:16:07 +0000  508 bytes for ./assets/node_modules/react-native-calendars/src/img/down@3x.png
copying file ./assets/node_modules/react-native-calendars/src/img/down@2x.png ... 
2021-11-17 21:16:07 +0000  354 bytes for ./assets/node_modules/react-native-calendars/src/img/down@2x.png
copying file ./assets/node_modules/react-native-calendars/src/img/up.png ... 
2021-11-17 21:16:07 +0000  215 bytes for ./assets/node_modules/react-native-calendars/src/img/up.png
copying file ./assets/node_modules/react-native-calendars/src/img/down.png ... 
2021-11-17 21:16:07 +0000  208 bytes for ./assets/node_modules/react-native-calendars/src/img/down.png
copying file ./assets/node_modules/react-native-calendars/src/img/up@2x.png ... 
2021-11-17 21:16:07 +0000  347 bytes for ./assets/node_modules/react-native-calendars/src/img/up@2x.png
copying file ./assets/node_modules/react-native-calendars/src/img/up@3x.png ... 
2021-11-17 21:16:07 +0000  504 bytes for ./assets/node_modules/react-native-calendars/src/img/up@3x.png
2021-11-17 21:16:07 +0000  copying file ./assets/node_modules/rehype-parse/errors.json ... 
2021-11-17 21:16:07 +0000  11114 bytes for ./assets/node_modules/rehype-parse/errors.json
2021-11-17 21:16:07 +0000  copying file ./assets/node_modules/character-entities-html4/index.json ... 
2021-11-17 21:16:07 +0000  4280 bytes for ./assets/node_modules/character-entities-html4/index.json
2021-11-17 21:16:07 +0000  copying file ./assets/node_modules/entities/lib/maps/xml.json ... 
2021-11-17 21:16:07 +0000  53 bytes for ./assets/node_modules/entities/lib/maps/xml.json
copying file ./assets/node_modules/entities/lib/maps/decode.json ... 
2021-11-17 21:16:07 +0000  299 bytes for ./assets/node_modules/entities/lib/maps/decode.json
2021-11-17 21:16:07 +0000  copying file ./assets/node_modules/entities/lib/maps/entities.json ... 
2021-11-17 21:16:07 +0000  32977 bytes for ./assets/node_modules/entities/lib/maps/entities.json
copying file ./assets/node_modules/entities/lib/maps/legacy.json ... 
2021-11-17 21:16:07 +0000  1356 bytes for ./assets/node_modules/entities/lib/maps/legacy.json
2021-11-17 21:16:07 +0000  copying file ./assets/node_modules/character-entities-legacy/index.json ... 
2021-11-17 21:16:07 +0000  1781 bytes for ./assets/node_modules/character-entities-legacy/index.json
2021-11-17 21:16:07 +0000  copying file ./assets/src/assets/images/simon-matzinger.jpg ... 
2021-11-17 21:16:07 +0000  418971 bytes for ./assets/src/assets/images/simon-matzinger.jpg
copying file ./assets/src/assets/images/bells.png ... 
2021-11-17 21:16:07 +0000  43108 bytes for ./assets/src/assets/images/bells.png
copying file ./assets/src/assets/images/RH-logo-color-horizontal.png ... 
2021-11-17 21:16:07 +0000  20031 bytes for ./assets/src/assets/images/RH-logo-color-horizontal.png
2021-11-17 21:16:07 +0000  copying file ./assets/src/assets/images/bells-ai-logo.png ... 
2867 bytes for ./assets/src/assets/images/bells-ai-logo.png
copying file ./assets/src/assets/json/ico-moon-config.json ... 
61456 bytes for ./assets/src/assets/json/ico-moon-config.json
copying file ./assets/src/assets/json/success-alert.json ... 
5896 bytes for ./assets/src/assets/json/success-alert.json
copying file ./MPCheckmark.png ... 
1106 bytes for ./MPCheckmark.png
copying file ./MPCloseButton@2x.png ... 
1382 bytes for ./MPCloseButton@2x.png
copying file ./Info.plist ... 
2021-11-17 21:16:07 +0000  2818 bytes for ./Info.plist
copying file ./MPLogo@2x.png ... 
2021-11-17 21:16:07 +0000  3070 bytes for ./MPLogo@2x.png
copying file ./PkgInfo ... 
2021-11-17 21:16:07 +0000  8 bytes for ./PkgInfo
copying file ./MaterialIcons.ttf ... 
2021-11-17 21:16:07 +0000  230384 bytes for ./MaterialIcons.ttf
2021-11-17 21:16:07 +0000  /usr/bin/ditto exited with 0
2021-11-17 21:16:07 +0000  Processing step: IDEDistributionEmbedProfileStep
2021-11-17 21:16:07 +0000  Processing step: IDEDistributionInfoPlistStep
2021-11-17 21:16:07 +0000  Skipping step: IDEDistributionInfoPlistStep because it said so
2021-11-17 21:16:07 +0000  Processing step: IDEDistributionAppThinningPlistStep
2021-11-17 21:16:07 +0000  Skipping step: IDEDistributionAppThinningPlistStep because it said so
2021-11-17 21:16:07 +0000  Processing step: IDEDistributionCompileBitcodeStep
2021-11-17 21:16:07 +0000  Skipping step: IDEDistributionCompileBitcodeStep because it said so
2021-11-17 21:16:07 +0000  Processing step: IDEDistributionCodeSlimmingStep
2021-11-17 21:16:07 +0000  Processing step: IDEDistributionCopyBCSymbolMapsStep
2021-11-17 21:16:07 +0000  Skipping step: IDEDistributionCopyBCSymbolMapsStep because it said so
2021-11-17 21:16:07 +0000  Processing step: IDEDistributionSymbolsStep
2021-11-17 21:16:07 +0000  Skipping step: IDEDistributionSymbolsStep because it said so
2021-11-17 21:16:07 +0000  Processing step: IDEDistributionAppThinningStep
2021-11-17 21:16:07 +0000  Skipping step: IDEDistributionAppThinningStep because it said so
2021-11-17 21:16:07 +0000  Processing step: IDEDistributionArchThinningStep
2021-11-17 21:16:07 +0000  Running /Applications/Xcode.app/Contents/Developer/Toolchains/XcodeDefault.xctoolchain/usr/bin/lipo '/var/folders/bn/s3p1r3cn555bmb70cwpq9b1m0000gn/T/XcodeDistPipeline.~~~VYBcus/Root/Payload/bells.app/bells' '-verify_arch' 'arm64e'
2021-11-17 21:16:07 +0000  /Applications/Xcode.app/Contents/Developer/Toolchains/XcodeDefault.xctoolchain/usr/bin/lipo exited with 1
2021-11-17 21:16:07 +0000  Skipping architecture thinning for item "bells" because arch "arm64e" wasn't found
2021-11-17 21:16:07 +0000  Processing step: IDEDistributionODRStep
2021-11-17 21:16:07 +0000  Processing step: IDEDistributionStripXattrsStep
2021-11-17 21:16:07 +0000  Running /usr/bin/xattr '-crs' '/var/folders/bn/s3p1r3cn555bmb70cwpq9b1m0000gn/T/XcodeDistPipeline.~~~VYBcus/Root/Payload/bells.app'
2021-11-17 21:16:08 +0000  /usr/bin/xattr exited with 0
2021-11-17 21:16:08 +0000  Processing step: IDEDistributionCodesignStep
2021-11-17 21:16:08 +0000  Entitlements for <IDEDistributionItem: 0x7fd1bacedb10; bundleID='V3HUL9EB4V.com.remarkablehealth.bells-mobile', path='<DVTFilePath:0x7fd1b9035f70:'/Users/justin/Library/Developer/Xcode/Archives/2021-11-17/bells 11-17-21, 3.13 PM.xcarchive/Products/Applications/bells.app'>', codeSigningInfo='<_DVTCodeSigningInformation_Path: 0x7fd1ba170aa0; isSigned='1', isAdHocSigned='0', signingCertificate='<DVTSigningCertificate: 0x7fd1b96c2260; name='Apple Development: Justin Hopper (83L9CAG7W6)', hash='E8EE1B6F31D62F2584A49EBBADD3859FDC00F103', serialNumber='<DVTSigningCertificateSerialNumber: 0x7fd1ba13f5c0>', certificateKinds='(
    "1.2.840.113635.100.6.1.12",
    "1.2.840.113635.100.6.1.2"
), issueDate='2021-11-17 20:56:24 +0000''>', entitlements='{
    "application-identifier" = "V3HUL9EB4V.V3HUL9EB4V.com.remarkablehealth.bells-mobile";
    "com.apple.developer.team-identifier" = V3HUL9EB4V;
    "get-task-allow" = 1;
    "keychain-access-groups" =     (
        "V3HUL9EB4V.V3HUL9EB4V.com.remarkablehealth.bells-mobile"
    );
}', teamID='V3HUL9EB4V', identifier='V3HUL9EB4V.com.remarkablehealth.bells-mobile', executablePath='<DVTFilePath:0x7fd1b62dafb0:'/Users/justin/Library/Developer/Xcode/Archives/2021-11-17/bells 11-17-21, 3.13 PM.xcarchive/Products/Applications/bells.app/bells'>', hardenedRuntime='0'>'>: {
    "application-identifier" = "V3HUL9EB4V.V3HUL9EB4V.com.remarkablehealth.bells-mobile";
    "com.apple.developer.team-identifier" = V3HUL9EB4V;
    "get-task-allow" = 1;
    "keychain-access-groups" =     (
        "V3HUL9EB4V.V3HUL9EB4V.com.remarkablehealth.bells-mobile"
    );
}
2021-11-17 21:16:08 +0000  Writing entitlements for <IDEDistributionItem: 0x7fd1bacedb10; bundleID='V3HUL9EB4V.com.remarkablehealth.bells-mobile', path='<DVTFilePath:0x7fd1b9035f70:'/Users/justin/Library/Developer/Xcode/Archives/2021-11-17/bells 11-17-21, 3.13 PM.xcarchive/Products/Applications/bells.app'>', codeSigningInfo='<_DVTCodeSigningInformation_Path: 0x7fd1ba170aa0; isSigned='1', isAdHocSigned='0', signingCertificate='<DVTSigningCertificate: 0x7fd1ba3627d0; name='Apple Development: Justin Hopper (83L9CAG7W6)', hash='E8EE1B6F31D62F2584A49EBBADD3859FDC00F103', serialNumber='<DVTSigningCertificateSerialNumber: 0x7fd1c8d978a0>', certificateKinds='(
    "1.2.840.113635.100.6.1.12",
    "1.2.840.113635.100.6.1.2"
), issueDate='2021-11-17 20:56:24 +0000''>', entitlements='{
    "application-identifier" = "V3HUL9EB4V.V3HUL9EB4V.com.remarkablehealth.bells-mobile";
    "com.apple.developer.team-identifier" = V3HUL9EB4V;
    "get-task-allow" = 1;
    "keychain-access-groups" =     (
        "V3HUL9EB4V.V3HUL9EB4V.com.remarkablehealth.bells-mobile"
    );
}', teamID='V3HUL9EB4V', identifier='V3HUL9EB4V.com.remarkablehealth.bells-mobile', executablePath='<DVTFilePath:0x7fd1b62dafb0:'/Users/justin/Library/Developer/Xcode/Archives/2021-11-17/bells 11-17-21, 3.13 PM.xcarchive/Products/Applications/bells.app/bells'>', hardenedRuntime='0'>'> to: /var/folders/bn/s3p1r3cn555bmb70cwpq9b1m0000gn/T/XcodeDistPipeline.~~~VYBcus/entitlements~~~CGwXM6
2021-11-17 21:16:08 +0000  Running /usr/bin/codesign '-vvv' '--force' '--sign' 'E8EE1B6F31D62F2584A49EBBADD3859FDC00F103' '--entitlements' '/var/folders/bn/s3p1r3cn555bmb70cwpq9b1m0000gn/T/XcodeDistPipeline.~~~VYBcus/entitlements~~~CGwXM6' '--preserve-metadata=identifier,flags,runtime' '/var/folders/bn/s3p1r3cn555bmb70cwpq9b1m0000gn/T/XcodeDistPipeline.~~~VYBcus/Root/Payload/bells.app'
2021-11-17 21:16:08 +0000  /var/folders/bn/s3p1r3cn555bmb70cwpq9b1m0000gn/T/XcodeDistPipeline.~~~VYBcus/Root/Payload/bells.app: replacing existing signature
2021-11-17 21:16:13 +0000  /var/folders/bn/s3p1r3cn555bmb70cwpq9b1m0000gn/T/XcodeDistPipeline.~~~VYBcus/Root/Payload/bells.app: signed app bundle with Mach-O thin (arm64) [V3HUL9EB4V.com.remarkablehealth.bells-mobile]
2021-11-17 21:16:13 +0000  /usr/bin/codesign exited with 0
2021-11-17 21:16:13 +0000  Processing step: IDEDistributionZipODRItemStep
2021-11-17 21:16:13 +0000  Skipping step: IDEDistributionZipODRItemStep because it said so
2021-11-17 21:16:13 +0000  Processing step: IDEDistributionCreateIPAStep
2021-11-17 21:16:13 +0000  Running /usr/bin/ditto '-V' '-c' '-k' '--norsrc' '/var/folders/bn/s3p1r3cn555bmb70cwpq9b1m0000gn/T/XcodeDistPipeline.~~~VYBcus/Root' '/var/folders/bn/s3p1r3cn555bmb70cwpq9b1m0000gn/T/XcodeDistPipeline.~~~VYBcus/Packages/bells.ipa'
2021-11-17 21:16:13 +0000  >>> Copying /var/folders/bn/s3p1r3cn555bmb70cwpq9b1m0000gn/T/XcodeDistPipeline.~~~VYBcus/Root 
2021-11-17 21:16:13 +0000  copying file ./Payload/bells.app/_CodeSignature/CodeResources ... 
2021-11-17 21:16:13 +0000  48723 bytes for ./Payload/bells.app/_CodeSignature/CodeResources
2021-11-17 21:16:13 +0000  copying file ./Payload/bells.app/Fontisto.ttf ... 
2021-11-17 21:16:13 +0000  313528 bytes for ./Payload/bells.app/Fontisto.ttf
copying file ./Payload/bells.app/Lato-Italic.ttf ... 
2021-11-17 21:16:13 +0000  75744 bytes for ./Payload/bells.app/Lato-Italic.ttf
copying file ./Payload/bells.app/web.bundle/formats/taskFormats.js ... 
2021-11-17 21:16:13 +0000  348 bytes for ./Payload/bells.app/web.bundle/formats/taskFormats.js
2021-11-17 21:16:13 +0000  copying file ./Payload/bells.app/web.bundle/Lato-Regular.ttf ... 
2021-11-17 21:16:13 +0000  75136 bytes for ./Payload/bells.app/web.bundle/Lato-Regular.ttf
copying file ./Payload/bells.app/web.bundle/editor.html ... 
2021-11-17 21:16:13 +0000  5632 bytes for ./Payload/bells.app/web.bundle/editor.html
copying file ./Payload/bells.app/web.bundle/check.svg ... 
2021-11-17 21:16:13 +0000  396 bytes for ./Payload/bells.app/web.bundle/check.svg
copying file ./Payload/bells.app/web.bundle/quill-v1.3.6-styles.css ... 
2021-11-17 21:16:13 +0000  24716 bytes for ./Payload/bells.app/web.bundle/quill-v1.3.6-styles.css
2021-11-17 21:16:13 +0000  copying file ./Payload/bells.app/web.bundle/blots/undoBlot.js ... 
1214 bytes for ./Payload/bells.app/web.bundle/blots/undoBlot.js
2021-11-17 21:16:13 +0000  copying file ./Payload/bells.app/web.bundle/modules/autoReplace.js ... 
2021-11-17 21:16:13 +0000  3779 bytes for ./Payload/bells.app/web.bundle/modules/autoReplace.js
copying file ./Payload/bells.app/web.bundle/modules/undoModule.js ... 
2087 bytes for ./Payload/bells.app/web.bundle/modules/undoModule.js
2021-11-17 21:16:13 +0000  copying file ./Payload/bells.app/web.bundle/quill-v1.3.6-min.js ... 
2021-11-17 21:16:13 +0000  215383 bytes for ./Payload/bells.app/web.bundle/quill-v1.3.6-min.js
copying file ./Payload/bells.app/web.bundle/quill-v1.3.6-styles.overrides.css ... 
2021-11-17 21:16:13 +0000  201 bytes for ./Payload/bells.app/web.bundle/quill-v1.3.6-styles.overrides.css
copying file ./Payload/bells.app/Octicons.ttf ... 
2021-11-17 21:16:13 +0000  28364 bytes for ./Payload/bells.app/Octicons.ttf
copying file ./Payload/bells.app/MPArrowLeft.png ... 
2021-11-17 21:16:13 +0000  1222 bytes for ./Payload/bells.app/MPArrowLeft.png
copying file ./Payload/bells.app/Feather.ttf ... 
2021-11-17 21:16:13 +0000  56024 bytes for ./Payload/bells.app/Feather.ttf
copying file ./Payload/bells.app/MPCheckmark@2x.png ... 
2021-11-17 21:16:13 +0000  1286 bytes for ./Payload/bells.app/MPCheckmark@2x.png
copying file ./Payload/bells.app/Lato-LightItalic.ttf ... 
2021-11-17 21:16:13 +0000  49064 bytes for ./Payload/bells.app/Lato-LightItalic.ttf
2021-11-17 21:16:13 +0000  copying file ./Payload/bells.app/bells ... 
2021-11-17 21:16:13 +0000  12439840 bytes for ./Payload/bells.app/bells
copying file ./Payload/bells.app/Entypo.ttf ... 
2021-11-17 21:16:13 +0000  65584 bytes for ./Payload/bells.app/Entypo.ttf
copying file ./Payload/bells.app/Lato-Bold.ttf ... 
2021-11-17 21:16:13 +0000  73316 bytes for ./Payload/bells.app/Lato-Bold.ttf
2021-11-17 21:16:13 +0000  copying file ./Payload/bells.app/QBImagePicker.bundle/de.lproj/QBImagePicker.strings ... 
2021-11-17 21:16:13 +0000  686 bytes for ./Payload/bells.app/QBImagePicker.bundle/de.lproj/QBImagePicker.strings
copying file ./Payload/bells.app/QBImagePicker.bundle/zh-Hans.lproj/QBImagePicker.strings ... 
2021-11-17 21:16:13 +0000  738 bytes for ./Payload/bells.app/QBImagePicker.bundle/zh-Hans.lproj/QBImagePicker.strings
copying file ./Payload/bells.app/QBImagePicker.bundle/ja.lproj/QBImagePicker.strings ... 
2021-11-17 21:16:13 +0000  764 bytes for ./Payload/bells.app/QBImagePicker.bundle/ja.lproj/QBImagePicker.strings
2021-11-17 21:16:13 +0000  copying file ./Payload/bells.app/QBImagePicker.bundle/en.lproj/QBImagePicker.strings ... 
681 bytes for ./Payload/bells.app/QBImagePicker.bundle/en.lproj/QBImagePicker.strings
2021-11-17 21:16:13 +0000  copying file ./Payload/bells.app/QBImagePicker.bundle/QBImagePicker.storyboardc/QiH-NZ-ZGN-view-sD2-zK-ryo.nib ... 
2021-11-17 21:16:13 +0000  10878 bytes for ./Payload/bells.app/QBImagePicker.bundle/QBImagePicker.storyboardc/QiH-NZ-ZGN-view-sD2-zK-ryo.nib
copying file ./Payload/bells.app/QBImagePicker.bundle/QBImagePicker.storyboardc/QBAlbumsViewController.nib ... 
2021-11-17 21:16:13 +0000  1775 bytes for ./Payload/bells.app/QBImagePicker.bundle/QBImagePicker.storyboardc/QBAlbumsViewController.nib
copying file ./Payload/bells.app/QBImagePicker.bundle/QBImagePicker.storyboardc/QBAssetsViewController.nib ... 
2021-11-17 21:16:13 +0000  1368 bytes for ./Payload/bells.app/QBImagePicker.bundle/QBImagePicker.storyboardc/QBAssetsViewController.nib
copying file ./Payload/bells.app/QBImagePicker.bundle/QBImagePicker.storyboardc/QL5-wR-LYt-view-66K-TS-Yoc.nib ... 
2021-11-17 21:16:13 +0000  6932 bytes for ./Payload/bells.app/QBImagePicker.bundle/QBImagePicker.storyboardc/QL5-wR-LYt-view-66K-TS-Yoc.nib
copying file ./Payload/bells.app/QBImagePicker.bundle/QBImagePicker.storyboardc/QBAlbumsNavigationController.nib ... 
2021-11-17 21:16:13 +0000  2582 bytes for ./Payload/bells.app/QBImagePicker.bundle/QBImagePicker.storyboardc/QBAlbumsNavigationController.nib
copying file ./Payload/bells.app/QBImagePicker.bundle/QBImagePicker.storyboardc/Info.plist ... 
2021-11-17 21:16:13 +0000  289 bytes for ./Payload/bells.app/QBImagePicker.bundle/QBImagePicker.storyboardc/Info.plist
2021-11-17 21:16:13 +0000  copying file ./Payload/bells.app/QBImagePicker.bundle/es.lproj/QBImagePicker.strings ... 
685 bytes for ./Payload/bells.app/QBImagePicker.bundle/es.lproj/QBImagePicker.strings
2021-11-17 21:16:13 +0000  copying file ./Payload/bells.app/QBImagePicker.bundle/it.lproj/QBImagePicker.strings ... 
2021-11-17 21:16:13 +0000  679 bytes for ./Payload/bells.app/QBImagePicker.bundle/it.lproj/QBImagePicker.strings
copying file ./Payload/bells.app/QBImagePicker.bundle/ko.lproj/QBImagePicker.strings ... 
2021-11-17 21:16:13 +0000  716 bytes for ./Payload/bells.app/QBImagePicker.bundle/ko.lproj/QBImagePicker.strings
copying file ./Payload/bells.app/QBImagePicker.bundle/zh-Hant.lproj/QBImagePicker.strings ... 
2021-11-17 21:16:13 +0000  737 bytes for ./Payload/bells.app/QBImagePicker.bundle/zh-Hant.lproj/QBImagePicker.strings
copying file ./Payload/bells.app/QBImagePicker.bundle/pl.lproj/QBImagePicker.strings ... 
2021-11-17 21:16:13 +0000  702 bytes for ./Payload/bells.app/QBImagePicker.bundle/pl.lproj/QBImagePicker.strings
copying file ./Payload/bells.app/QBImagePicker.bundle/ru.lproj/QBImagePicker.strings ... 
2021-11-17 21:16:13 +0000  772 bytes for ./Payload/bells.app/QBImagePicker.bundle/ru.lproj/QBImagePicker.strings
2021-11-17 21:16:13 +0000  copying file ./Payload/bells.app/QBImagePicker.bundle/fr.lproj/QBImagePicker.strings ... 
702 bytes for ./Payload/bells.app/QBImagePicker.bundle/fr.lproj/QBImagePicker.strings
copying file ./Payload/bells.app/QBImagePicker.bundle/pt.lproj/QBImagePicker.strings ... 
686 bytes for ./Payload/bells.app/QBImagePicker.bundle/pt.lproj/QBImagePicker.strings
copying file ./Payload/bells.app/QBImagePicker.bundle/Info.plist ... 
2021-11-17 21:16:13 +0000  771 bytes for ./Payload/bells.app/QBImagePicker.bundle/Info.plist
copying file ./Payload/bells.app/FontAwesome5_Brands.ttf ... 
2021-11-17 21:16:13 +0000  132728 bytes for ./Payload/bells.app/FontAwesome5_Brands.ttf
copying file ./Payload/bells.app/MaterialCommunityIcons.ttf ... 
2021-11-17 21:16:13 +0000  899432 bytes for ./Payload/bells.app/MaterialCommunityIcons.ttf
copying file ./Payload/bells.app/MPTakeoverNotificationViewController~iphonelandscape.nib ... 
2021-11-17 21:16:13 +0000  9437 bytes for ./Payload/bells.app/MPTakeoverNotificationViewController~iphonelandscape.nib
copying file ./Payload/bells.app/AppIcon60x60@2x.png ... 
2021-11-17 21:16:13 +0000  5777 bytes for ./Payload/bells.app/AppIcon60x60@2x.png
copying file ./Payload/bells.app/MPLogo.png ... 
2021-11-17 21:16:13 +0000  1991 bytes for ./Payload/bells.app/MPLogo.png
copying file ./Payload/bells.app/AntDesign.ttf ... 
2021-11-17 21:16:13 +0000  70344 bytes for ./Payload/bells.app/AntDesign.ttf
copying file ./Payload/bells.app/Lato-Regular.ttf ... 
2021-11-17 21:16:13 +0000  75136 bytes for ./Payload/bells.app/Lato-Regular.ttf
copying file ./Payload/bells.app/Foundation.ttf ... 
2021-11-17 21:16:13 +0000  56976 bytes for ./Payload/bells.app/Foundation.ttf
2021-11-17 21:16:13 +0000  copying file ./Payload/bells.app/MPArrowRight.png ... 
1210 bytes for ./Payload/bells.app/MPArrowRight.png
copying file ./Payload/bells.app/Ionicons.ttf ... 
2021-11-17 21:16:13 +0000  247192 bytes for ./Payload/bells.app/Ionicons.ttf
copying file ./Payload/bells.app/FontAwesome5_Solid.ttf ... 
2021-11-17 21:16:13 +0000  202616 bytes for ./Payload/bells.app/FontAwesome5_Solid.ttf
copying file ./Payload/bells.app/FontAwesome5_Regular.ttf ... 
2021-11-17 21:16:13 +0000  34092 bytes for ./Payload/bells.app/FontAwesome5_Regular.ttf
2021-11-17 21:16:13 +0000  copying file ./Payload/bells.app/MPArrowRight@2x.png ... 
1342 bytes for ./Payload/bells.app/MPArrowRight@2x.png
copying file ./Payload/bells.app/placeholder-image.png ... 
2021-11-17 21:16:13 +0000  8806 bytes for ./Payload/bells.app/placeholder-image.png
2021-11-17 21:16:13 +0000  copying file ./Payload/bells.app/MPDismissKeyboard@2x.png ... 
2021-11-17 21:16:13 +0000  1169 bytes for ./Payload/bells.app/MPDismissKeyboard@2x.png
copying file ./Payload/bells.app/AccessibilityResources.bundle/en.lproj/Localizable.strings ... 
2021-11-17 21:16:13 +0000  530 bytes for ./Payload/bells.app/AccessibilityResources.bundle/en.lproj/Localizable.strings
2021-11-17 21:16:13 +0000  copying file ./Payload/bells.app/AccessibilityResources.bundle/Info.plist ... 
2021-11-17 21:16:13 +0000  791 bytes for ./Payload/bells.app/AccessibilityResources.bundle/Info.plist
copying file ./Payload/bells.app/MPArrowLeft@2x.png ... 
2021-11-17 21:16:13 +0000  1353 bytes for ./Payload/bells.app/MPArrowLeft@2x.png
copying file ./Payload/bells.app/FontAwesome.ttf ... 
2021-11-17 21:16:13 +0000  165548 bytes for ./Payload/bells.app/FontAwesome.ttf
copying file ./Payload/bells.app/Zocial.ttf ... 
2021-11-17 21:16:13 +0000  25552 bytes for ./Payload/bells.app/Zocial.ttf
copying file ./Payload/bells.app/Assets.car ... 
2021-11-17 21:16:13 +0000  118600 bytes for ./Payload/bells.app/Assets.car
copying file ./Payload/bells.app/EvilIcons.ttf ... 
2021-11-17 21:16:13 +0000  13456 bytes for ./Payload/bells.app/EvilIcons.ttf
2021-11-17 21:16:13 +0000  copying file ./Payload/bells.app/AppIcon76x76@2x~ipad.png ... 
2021-11-17 21:16:13 +0000  6817 bytes for ./Payload/bells.app/AppIcon76x76@2x~ipad.png
copying file ./Payload/bells.app/MPTakeoverNotificationViewController~ipad.nib ... 
2021-11-17 21:16:13 +0000  11230 bytes for ./Payload/bells.app/MPTakeoverNotificationViewController~ipad.nib
copying file ./Payload/bells.app/main.jsbundle ... 
2021-11-17 21:16:14 +0000  10748961 bytes for ./Payload/bells.app/main.jsbundle
copying file ./Payload/bells.app/MPCloseButton.png ... 
2021-11-17 21:16:14 +0000  381 bytes for ./Payload/bells.app/MPCloseButton.png
copying file ./Payload/bells.app/LaunchScreen.storyboardc/01J-lp-oVM-view-Ze5-6b-2t3.nib ... 
2021-11-17 21:16:14 +0000  1014 bytes for ./Payload/bells.app/LaunchScreen.storyboardc/01J-lp-oVM-view-Ze5-6b-2t3.nib
copying file ./Payload/bells.app/LaunchScreen.storyboardc/UIViewController-01J-lp-oVM.nib ... 
896 bytes for ./Payload/bells.app/LaunchScreen.storyboardc/UIViewController-01J-lp-oVM.nib
2021-11-17 21:16:14 +0000  copying file ./Payload/bells.app/LaunchScreen.storyboardc/Info.plist ... 
258 bytes for ./Payload/bells.app/LaunchScreen.storyboardc/Info.plist
copying file ./Payload/bells.app/MPDismissKeyboard.png ... 
2021-11-17 21:16:14 +0000  1228 bytes for ./Payload/bells.app/MPDismissKeyboard.png
copying file ./Payload/bells.app/Lato-BoldItalic.ttf ... 
2021-11-17 21:16:14 +0000  77680 bytes for ./Payload/bells.app/Lato-BoldItalic.ttf
copying file ./Payload/bells.app/ip.txt ... 
2021-11-17 21:16:14 +0000  10 bytes for ./Payload/bells.app/ip.txt
copying file ./Payload/bells.app/Lato-Light.ttf ... 
2021-11-17 21:16:14 +0000  77192 bytes for ./Payload/bells.app/Lato-Light.ttf
2021-11-17 21:16:14 +0000  copying file ./Payload/bells.app/TOCropViewControllerBundle.bundle/de.lproj/TOCropViewControllerLocalizable.strings ... 
2021-11-17 21:16:14 +0000  189 bytes for ./Payload/bells.app/TOCropViewControllerBundle.bundle/de.lproj/TOCropViewControllerLocalizable.strings
copying file ./Payload/bells.app/TOCropViewControllerBundle.bundle/ar.lproj/TOCropViewControllerLocalizable.strings ... 
207 bytes for ./Payload/bells.app/TOCropViewControllerBundle.bundle/ar.lproj/TOCropViewControllerLocalizable.strings
2021-11-17 21:16:14 +0000  copying file ./Payload/bells.app/TOCropViewControllerBundle.bundle/zh-Hans.lproj/TOCropViewControllerLocalizable.strings ... 
2021-11-17 21:16:14 +0000  172 bytes for ./Payload/bells.app/TOCropViewControllerBundle.bundle/zh-Hans.lproj/TOCropViewControllerLocalizable.strings
copying file ./Payload/bells.app/TOCropViewControllerBundle.bundle/ja.lproj/TOCropViewControllerLocalizable.strings ... 
201 bytes for ./Payload/bells.app/TOCropViewControllerBundle.bundle/ja.lproj/TOCropViewControllerLocalizable.strings
2021-11-17 21:16:14 +0000  copying file ./Payload/bells.app/TOCropViewControllerBundle.bundle/fa.lproj/TOCropViewControllerLocalizable.strings ... 
210 bytes for ./Payload/bells.app/TOCropViewControllerBundle.bundle/fa.lproj/TOCropViewControllerLocalizable.strings
2021-11-17 21:16:14 +0000  copying file ./Payload/bells.app/TOCropViewControllerBundle.bundle/en.lproj/TOCropViewControllerLocalizable.strings ... 
168 bytes for ./Payload/bells.app/TOCropViewControllerBundle.bundle/en.lproj/TOCropViewControllerLocalizable.strings
2021-11-17 21:16:14 +0000  copying file ./Payload/bells.app/TOCropViewControllerBundle.bundle/es.lproj/TOCropViewControllerLocalizable.strings ... 
179 bytes for ./Payload/bells.app/TOCropViewControllerBundle.bundle/es.lproj/TOCropViewControllerLocalizable.strings
2021-11-17 21:16:14 +0000  copying file ./Payload/bells.app/TOCropViewControllerBundle.bundle/it.lproj/TOCropViewControllerLocalizable.strings ... 
2021-11-17 21:16:14 +0000  181 bytes for ./Payload/bells.app/TOCropViewControllerBundle.bundle/it.lproj/TOCropViewControllerLocalizable.strings
copying file ./Payload/bells.app/TOCropViewControllerBundle.bundle/sk.lproj/TOCropViewControllerLocalizable.strings ... 
176 bytes for ./Payload/bells.app/TOCropViewControllerBundle.bundle/sk.lproj/TOCropViewControllerLocalizable.strings
2021-11-17 21:16:14 +0000  copying file ./Payload/bells.app/TOCropViewControllerBundle.bundle/ms.lproj/TOCropViewControllerLocalizable.strings ... 
173 bytes for ./Payload/bells.app/TOCropViewControllerBundle.bundle/ms.lproj/TOCropViewControllerLocalizable.strings
2021-11-17 21:16:14 +0000  copying file ./Payload/bells.app/TOCropViewControllerBundle.bundle/cs.lproj/TOCropViewControllerLocalizable.strings ... 
173 bytes for ./Payload/bells.app/TOCropViewControllerBundle.bundle/cs.lproj/TOCropViewControllerLocalizable.strings
2021-11-17 21:16:14 +0000  copying file ./Payload/bells.app/TOCropViewControllerBundle.bundle/ko.lproj/TOCropViewControllerLocalizable.strings ... 
187 bytes for ./Payload/bells.app/TOCropViewControllerBundle.bundle/ko.lproj/TOCropViewControllerLocalizable.strings
2021-11-17 21:16:14 +0000  copying file ./Payload/bells.app/TOCropViewControllerBundle.bundle/Base.lproj/TOCropViewControllerLocalizable.strings ... 
168 bytes for ./Payload/bells.app/TOCropViewControllerBundle.bundle/Base.lproj/TOCropViewControllerLocalizable.strings
2021-11-17 21:16:14 +0000  copying file ./Payload/bells.app/TOCropViewControllerBundle.bundle/zh-Hant.lproj/TOCropViewControllerLocalizable.strings ... 
175 bytes for ./Payload/bells.app/TOCropViewControllerBundle.bundle/zh-Hant.lproj/TOCropViewControllerLocalizable.strings
2021-11-17 21:16:14 +0000  copying file ./Payload/bells.app/TOCropViewControllerBundle.bundle/fa-IR.lproj/TOCropViewControllerLocalizable.strings ... 
210 bytes for ./Payload/bells.app/TOCropViewControllerBundle.bundle/fa-IR.lproj/TOCropViewControllerLocalizable.strings
2021-11-17 21:16:14 +0000  copying file ./Payload/bells.app/TOCropViewControllerBundle.bundle/hu.lproj/TOCropViewControllerLocalizable.strings ... 
194 bytes for ./Payload/bells.app/TOCropViewControllerBundle.bundle/hu.lproj/TOCropViewControllerLocalizable.strings
2021-11-17 21:16:14 +0000  copying file ./Payload/bells.app/TOCropViewControllerBundle.bundle/da-DK.lproj/TOCropViewControllerLocalizable.strings ... 
174 bytes for ./Payload/bells.app/TOCropViewControllerBundle.bundle/da-DK.lproj/TOCropViewControllerLocalizable.strings
2021-11-17 21:16:14 +0000  copying file ./Payload/bells.app/TOCropViewControllerBundle.bundle/tr.lproj/TOCropViewControllerLocalizable.strings ... 
183 bytes for ./Payload/bells.app/TOCropViewControllerBundle.bundle/tr.lproj/TOCropViewControllerLocalizable.strings
2021-11-17 21:16:14 +0000  copying file ./Payload/bells.app/TOCropViewControllerBundle.bundle/pl.lproj/TOCropViewControllerLocalizable.strings ... 
171 bytes for ./Payload/bells.app/TOCropViewControllerBundle.bundle/pl.lproj/TOCropViewControllerLocalizable.strings
2021-11-17 21:16:14 +0000  copying file ./Payload/bells.app/TOCropViewControllerBundle.bundle/pt-BR.lproj/TOCropViewControllerLocalizable.strings ... 
181 bytes for ./Payload/bells.app/TOCropViewControllerBundle.bundle/pt-BR.lproj/TOCropViewControllerLocalizable.strings
2021-11-17 21:16:14 +0000  copying file ./Payload/bells.app/TOCropViewControllerBundle.bundle/vi.lproj/TOCropViewControllerLocalizable.strings ... 
178 bytes for ./Payload/bells.app/TOCropViewControllerBundle.bundle/vi.lproj/TOCropViewControllerLocalizable.strings
2021-11-17 21:16:14 +0000  copying file ./Payload/bells.app/TOCropViewControllerBundle.bundle/ru.lproj/TOCropViewControllerLocalizable.strings ... 
237 bytes for ./Payload/bells.app/TOCropViewControllerBundle.bundle/ru.lproj/TOCropViewControllerLocalizable.strings
2021-11-17 21:16:14 +0000  copying file ./Payload/bells.app/TOCropViewControllerBundle.bundle/fr.lproj/TOCropViewControllerLocalizable.strings ... 
193 bytes for ./Payload/bells.app/TOCropViewControllerBundle.bundle/fr.lproj/TOCropViewControllerLocalizable.strings
2021-11-17 21:16:14 +0000  copying file ./Payload/bells.app/TOCropViewControllerBundle.bundle/fi.lproj/TOCropViewControllerLocalizable.strings ... 
179 bytes for ./Payload/bells.app/TOCropViewControllerBundle.bundle/fi.lproj/TOCropViewControllerLocalizable.strings
copying file ./Payload/bells.app/TOCropViewControllerBundle.bundle/id.lproj/TOCropViewControllerLocalizable.strings ... 
178 bytes for ./Payload/bells.app/TOCropViewControllerBundle.bundle/id.lproj/TOCropViewControllerLocalizable.strings
copying file ./Payload/bells.app/TOCropViewControllerBundle.bundle/nl.lproj/TOCropViewControllerLocalizable.strings ... 
178 bytes for ./Payload/bells.app/TOCropViewControllerBundle.bundle/nl.lproj/TOCropViewControllerLocalizable.strings
copying file ./Payload/bells.app/TOCropViewControllerBundle.bundle/pt.lproj/TOCropViewControllerLocalizable.strings ... 
2021-11-17 21:16:14 +0000  181 bytes for ./Payload/bells.app/TOCropViewControllerBundle.bundle/pt.lproj/TOCropViewControllerLocalizable.strings
copying file ./Payload/bells.app/TOCropViewControllerBundle.bundle/ro.lproj/TOCropViewControllerLocalizable.strings ... 
2021-11-17 21:16:14 +0000  181 bytes for ./Payload/bells.app/TOCropViewControllerBundle.bundle/ro.lproj/TOCropViewControllerLocalizable.strings
copying file ./Payload/bells.app/TOCropViewControllerBundle.bundle/Info.plist ... 
2021-11-17 21:16:14 +0000  798 bytes for ./Payload/bells.app/TOCropViewControllerBundle.bundle/Info.plist
copying file ./Payload/bells.app/TOCropViewControllerBundle.bundle/ca.lproj/TOCropViewControllerLocalizable.strings ... 
2021-11-17 21:16:14 +0000  177 bytes for ./Payload/bells.app/TOCropViewControllerBundle.bundle/ca.lproj/TOCropViewControllerLocalizable.strings
copying file ./Payload/bells.app/MPCloseButton@3x.png ... 
2021-11-17 21:16:14 +0000  2289 bytes for ./Payload/bells.app/MPCloseButton@3x.png
copying file ./Payload/bells.app/MPTakeoverNotificationViewController~iphoneportrait.nib ... 
2021-11-17 21:16:14 +0000  9090 bytes for ./Payload/bells.app/MPTakeoverNotificationViewController~iphoneportrait.nib
copying file ./Payload/bells.app/SimpleLineIcons.ttf ... 
2021-11-17 21:16:14 +0000  54056 bytes for ./Payload/bells.app/SimpleLineIcons.ttf
copying file ./Payload/bells.app/embedded.mobileprovision ... 
2021-11-17 21:16:14 +0000  15589 bytes for ./Payload/bells.app/embedded.mobileprovision
copying file ./Payload/bells.app/rh-mobile-icon-font.ttf ... 
2021-11-17 21:16:14 +0000  14904 bytes for ./Payload/bells.app/rh-mobile-icon-font.ttf
2021-11-17 21:16:14 +0000  copying file ./Payload/bells.app/assets/app.json ... 
47 bytes for ./Payload/bells.app/assets/app.json
2021-11-17 21:16:14 +0000  copying file ./Payload/bells.app/assets/node_modules/moment-timezone/data/packed/latest.json ... 
2021-11-17 21:16:14 +0000  191018 bytes for ./Payload/bells.app/assets/node_modules/moment-timezone/data/packed/latest.json
2021-11-17 21:16:14 +0000  copying file ./Payload/bells.app/assets/node_modules/html-void-elements/index.json ... 
2021-11-17 21:16:14 +0000  255 bytes for ./Payload/bells.app/assets/node_modules/html-void-elements/index.json
copying file ./Payload/bells.app/assets/node_modules/stringify-entities/lib/constant/dangerous.json ... 
2021-11-17 21:16:14 +0000  81 bytes for ./Payload/bells.app/assets/node_modules/stringify-entities/lib/constant/dangerous.json
2021-11-17 21:16:14 +0000  copying file ./Payload/bells.app/assets/node_modules/react-native/Libraries/LogBox/UI/LogBoxImages/loader.png ... 
2021-11-17 21:16:14 +0000  550 bytes for ./Payload/bells.app/assets/node_modules/react-native/Libraries/LogBox/UI/LogBoxImages/loader.png
copying file ./Payload/bells.app/assets/node_modules/react-native/Libraries/LogBox/UI/LogBoxImages/chevron-right.png ... 
2021-11-17 21:16:14 +0000  189 bytes for ./Payload/bells.app/assets/node_modules/react-native/Libraries/LogBox/UI/LogBoxImages/chevron-right.png
copying file ./Payload/bells.app/assets/node_modules/react-native/Libraries/LogBox/UI/LogBoxImages/chevron-left.png ... 
201 bytes for ./Payload/bells.app/assets/node_modules/react-native/Libraries/LogBox/UI/LogBoxImages/chevron-left.png
2021-11-17 21:16:14 +0000  copying file ./Payload/bells.app/assets/node_modules/react-native/Libraries/LogBox/UI/LogBoxImages/alert-triangle.png ... 
885 bytes for ./Payload/bells.app/assets/node_modules/react-native/Libraries/LogBox/UI/LogBoxImages/alert-triangle.png
copying file ./Payload/bells.app/assets/node_modules/react-native/Libraries/LogBox/UI/LogBoxImages/close.png ... 
2021-11-17 21:16:14 +0000  312 bytes for ./Payload/bells.app/assets/node_modules/react-native/Libraries/LogBox/UI/LogBoxImages/close.png
2021-11-17 21:16:14 +0000  copying file ./Payload/bells.app/assets/node_modules/css-color-keywords/colors.json ... 
2021-11-17 21:16:14 +0000  3796 bytes for ./Payload/bells.app/assets/node_modules/css-color-keywords/colors.json
2021-11-17 21:16:14 +0000  copying file ./Payload/bells.app/assets/node_modules/@react-navigation/stack/src/views/assets/back-icon@3x.png ... 
2021-11-17 21:16:14 +0000  761 bytes for ./Payload/bells.app/assets/node_modules/@react-navigation/stack/src/views/assets/back-icon@3x.png
copying file ./Payload/bells.app/assets/node_modules/@react-navigation/stack/src/views/assets/back-icon@2x.png ... 
2021-11-17 21:16:14 +0000  405 bytes for ./Payload/bells.app/assets/node_modules/@react-navigation/stack/src/views/assets/back-icon@2x.png
copying file ./Payload/bells.app/assets/node_modules/@react-navigation/stack/src/views/assets/back-icon.png ... 
2021-11-17 21:16:14 +0000  290 bytes for ./Payload/bells.app/assets/node_modules/@react-navigation/stack/src/views/assets/back-icon.png
copying file ./Payload/bells.app/assets/node_modules/@react-navigation/stack/src/views/assets/back-icon-mask.png ... 
2021-11-17 21:16:14 +0000  913 bytes for ./Payload/bells.app/assets/node_modules/@react-navigation/stack/src/views/assets/back-icon-mask.png
2021-11-17 21:16:14 +0000  copying file ./Payload/bells.app/assets/node_modules/hast-util-to-html/node_modules/stringify-entities/dangerous.json ... 
2021-11-17 21:16:14 +0000  81 bytes for ./Payload/bells.app/assets/node_modules/hast-util-to-html/node_modules/stringify-entities/dangerous.json
copying file ./Payload/bells.app/assets/node_modules/hastscript/svg-case-sensitive-tag-names.json ... 
2021-11-17 21:16:14 +0000  671 bytes for ./Payload/bells.app/assets/node_modules/hastscript/svg-case-sensitive-tag-names.json
2021-11-17 21:16:14 +0000  copying file ./Payload/bells.app/assets/node_modules/web-namespaces/index.json ... 
270 bytes for ./Payload/bells.app/assets/node_modules/web-namespaces/index.json
2021-11-17 21:16:14 +0000  copying file ./Payload/bells.app/assets/node_modules/react-native-vector-icons/glyphmaps/MaterialIcons.json ... 
2021-11-17 21:16:14 +0000  38522 bytes for ./Payload/bells.app/assets/node_modules/react-native-vector-icons/glyphmaps/MaterialIcons.json
2021-11-17 21:16:14 +0000  copying file ./Payload/bells.app/assets/node_modules/react-native-calendars/src/calendar/img/previous@2x.png ... 
2021-11-17 21:16:14 +0000  458 bytes for ./Payload/bells.app/assets/node_modules/react-native-calendars/src/calendar/img/previous@2x.png
copying file ./Payload/bells.app/assets/node_modules/react-native-calendars/src/calendar/img/next@2x.png ... 
2021-11-17 21:16:14 +0000  462 bytes for ./Payload/bells.app/assets/node_modules/react-native-calendars/src/calendar/img/next@2x.png
2021-11-17 21:16:14 +0000  copying file ./Payload/bells.app/assets/node_modules/react-native-calendars/src/img/down@3x.png ... 
508 bytes for ./Payload/bells.app/assets/node_modules/react-native-calendars/src/img/down@3x.png
copying file ./Payload/bells.app/assets/node_modules/react-native-calendars/src/img/down@2x.png ... 
2021-11-17 21:16:14 +0000  354 bytes for ./Payload/bells.app/assets/node_modules/react-native-calendars/src/img/down@2x.png
copying file ./Payload/bells.app/assets/node_modules/react-native-calendars/src/img/up.png ... 
2021-11-17 21:16:14 +0000  215 bytes for ./Payload/bells.app/assets/node_modules/react-native-calendars/src/img/up.png
2021-11-17 21:16:14 +0000  copying file ./Payload/bells.app/assets/node_modules/react-native-calendars/src/img/down.png ... 
208 bytes for ./Payload/bells.app/assets/node_modules/react-native-calendars/src/img/down.png
copying file ./Payload/bells.app/assets/node_modules/react-native-calendars/src/img/up@2x.png ... 
2021-11-17 21:16:14 +0000  347 bytes for ./Payload/bells.app/assets/node_modules/react-native-calendars/src/img/up@2x.png
copying file ./Payload/bells.app/assets/node_modules/react-native-calendars/src/img/up@3x.png ... 
2021-11-17 21:16:14 +0000  504 bytes for ./Payload/bells.app/assets/node_modules/react-native-calendars/src/img/up@3x.png
2021-11-17 21:16:14 +0000  copying file ./Payload/bells.app/assets/node_modules/rehype-parse/errors.json ... 
2021-11-17 21:16:14 +0000  11114 bytes for ./Payload/bells.app/assets/node_modules/rehype-parse/errors.json
2021-11-17 21:16:14 +0000  copying file ./Payload/bells.app/assets/node_modules/character-entities-html4/index.json ... 
2021-11-17 21:16:14 +0000  4280 bytes for ./Payload/bells.app/assets/node_modules/character-entities-html4/index.json
2021-11-17 21:16:14 +0000  copying file ./Payload/bells.app/assets/node_modules/entities/lib/maps/xml.json ... 
2021-11-17 21:16:14 +0000  53 bytes for ./Payload/bells.app/assets/node_modules/entities/lib/maps/xml.json
copying file ./Payload/bells.app/assets/node_modules/entities/lib/maps/decode.json ... 
2021-11-17 21:16:14 +0000  299 bytes for ./Payload/bells.app/assets/node_modules/entities/lib/maps/decode.json
copying file ./Payload/bells.app/assets/node_modules/entities/lib/maps/entities.json ... 
2021-11-17 21:16:14 +0000  32977 bytes for ./Payload/bells.app/assets/node_modules/entities/lib/maps/entities.json
copying file ./Payload/bells.app/assets/node_modules/entities/lib/maps/legacy.json ... 
2021-11-17 21:16:14 +0000  1356 bytes for ./Payload/bells.app/assets/node_modules/entities/lib/maps/legacy.json
2021-11-17 21:16:14 +0000  copying file ./Payload/bells.app/assets/node_modules/character-entities-legacy/index.json ... 
2021-11-17 21:16:14 +0000  1781 bytes for ./Payload/bells.app/assets/node_modules/character-entities-legacy/index.json
2021-11-17 21:16:14 +0000  copying file ./Payload/bells.app/assets/src/assets/images/simon-matzinger.jpg ... 
2021-11-17 21:16:14 +0000  418971 bytes for ./Payload/bells.app/assets/src/assets/images/simon-matzinger.jpg
copying file ./Payload/bells.app/assets/src/assets/images/bells.png ... 
2021-11-17 21:16:14 +0000  43108 bytes for ./Payload/bells.app/assets/src/assets/images/bells.png
copying file ./Payload/bells.app/assets/src/assets/images/RH-logo-color-horizontal.png ... 
2021-11-17 21:16:14 +0000  20031 bytes for ./Payload/bells.app/assets/src/assets/images/RH-logo-color-horizontal.png
copying file ./Payload/bells.app/assets/src/assets/images/bells-ai-logo.png ... 
2021-11-17 21:16:14 +0000  2867 bytes for ./Payload/bells.app/assets/src/assets/images/bells-ai-logo.png
2021-11-17 21:16:14 +0000  copying file ./Payload/bells.app/assets/src/assets/json/ico-moon-config.json ... 
2021-11-17 21:16:14 +0000  61456 bytes for ./Payload/bells.app/assets/src/assets/json/ico-moon-config.json
2021-11-17 21:16:14 +0000  copying file ./Payload/bells.app/assets/src/assets/json/success-alert.json ... 
5896 bytes for ./Payload/bells.app/assets/src/assets/json/success-alert.json
2021-11-17 21:16:14 +0000  copying file ./Payload/bells.app/MPCheckmark.png ... 
2021-11-17 21:16:14 +0000  1106 bytes for ./Payload/bells.app/MPCheckmark.png
copying file ./Payload/bells.app/MPCloseButton@2x.png ... 
1382 bytes for ./Payload/bells.app/MPCloseButton@2x.png
2021-11-17 21:16:14 +0000  copying file ./Payload/bells.app/Info.plist ... 
2818 bytes for ./Payload/bells.app/Info.plist
copying file ./Payload/bells.app/MPLogo@2x.png ... 
2021-11-17 21:16:14 +0000  3070 bytes for ./Payload/bells.app/MPLogo@2x.png
copying file ./Payload/bells.app/PkgInfo ... 
2021-11-17 21:16:14 +0000  8 bytes for ./Payload/bells.app/PkgInfo
copying file ./Payload/bells.app/MaterialIcons.ttf ... 
2021-11-17 21:16:14 +0000  230384 bytes for ./Payload/bells.app/MaterialIcons.ttf
2021-11-17 21:16:14 +0000  /usr/bin/ditto exited with 0
2021-11-17 21:16:14 +0000  Processing step: IDEDistributionAppStoreInformationStep
2021-11-17 21:16:14 +0000  Skipping step: IDEDistributionAppStoreInformationStep because it said so
2021-11-17 21:16:14 +0000  Processing step: IDEDistributionGenerateProcessedDistributionItems
2021-11-17 21:16:14 +0000  IDEDistributionItem init <DVTFilePath:0x7fd1b3bac560:'/var/folders/bn/s3p1r3cn555bmb70cwpq9b1m0000gn/T/XcodeDistPipeline.~~~VYBcus/Root/Payload/bells.app'>
2021-11-17 21:16:14 +0000  Processing step: IDEDistributionCreateManifestStep
